<?xml version="1.0" encoding="UTF-8"?>
<testsuite xmlns:xsi="http://www.w3.org/2001/XMLSchema-instance" xsi:noNamespaceSchemaLocation="https://maven.apache.org/surefire/maven-surefire-plugin/xsd/surefire-test-report-3.0.xsd" version="3.0" name="AccountTest" time="0.058" tests="3" errors="0" skipped="0" failures="0">
  <properties>
[...]
</properties>
  <testcase name="testWithdraw" classname="AccountTest" time="0.003">
    <system-out><![CDATA[Test starts
Before each test
After each test
]]></system-out>
  </testcase>
  <testcase name="testGetBalance" classname="AccountTest" time="0.001">
    <system-out><![CDATA[Before each test
After each test
]]></system-out>
  </testcase>
  <testcase name="testDeposit" classname="AccountTest" time="0.002">
    <system-out><![CDATA[Before each test
After each test
]]></system-out>
  </testcase>
</testsuite>